<?xml version="1.0" encoding="utf-8" ?>
<testsuites tests="10" failures="1" skipped="0" time="1.580711">
  <testsuite name="test_mpbMathCrc" tests="10" failures="1" skipped="0" time="1.580711">
    <testcase name="test_eMpbMathCrcInit_CheckUpFailed_Failed" />
    <testcase name="test_eMpbMathCrcInit_Success" />
    <testcase name="test_eMpbMathCrcCalculate_WrongParameters_Failed" />
    <testcase name="test_eMpbMathCrcCalculate_MallocFailed_Failed" />
    <testcase name="test_eMpbMathCrcCalculate_CRC16_NoReflection_Success" />
    <testcase name="test_eMpbMathCrcValidate_WrongParameters_Failed" />
    <testcase name="test_eMpbMathCrcValidate_MallocFailed_Failed" />
    <testcase name="test_eMpbMathCrcValidate_CRC32_NoReflexion_Success" />
    <testcase name="test_eMpbMathCrcValidate_CRC32_NoReflexion_Failed" />
    <testcase name="test_eMpbMathCrcCalculate_CRC16_Reflection_Success">
      <failure message="Function vMpbMathCrcUtilReflectBytes.  Called more times than expected." />
    </testcase>
  </testsuite>
</testsuites>
